<?xml version="1.0" encoding="UTF-8"?>
<testng-results total="1" passed="1" failed="0" skipped="0">
  <reporter-output>
  </reporter-output>
  <suite started-at="2022-02-21T11:06:46Z" name="Default suite" finished-at="2022-02-21T11:06:48Z" duration-ms="2106">
    <groups>
    </groups>
    <test started-at="2022-02-21T11:06:46Z" name="Default test" finished-at="2022-02-21T11:06:48Z" duration-ms="2106">
      <class name="NotePad2.NewTest">
        <test-method is-config="true" signature="beforeTest()[pri:0, instance:NotePad2.NewTest@40db2a24]" started-at="2022-02-21T19:06:46Z" name="beforeTest" finished-at="2022-02-21T19:06:46Z" duration-ms="10" status="PASS">
          <reporter-output>
          </reporter-output>
        </test-method> <!-- beforeTest -->
        <test-method signature="f()[pri:0, instance:NotePad2.NewTest@40db2a24]" started-at="2022-02-21T19:06:46Z" name="f" finished-at="2022-02-21T19:06:48Z" duration-ms="2087" status="PASS">
          <reporter-output>
          </reporter-output>
        </test-method> <!-- f -->
        <test-method is-config="true" signature="afterTest()[pri:0, instance:NotePad2.NewTest@40db2a24]" started-at="2022-02-21T19:06:48Z" name="afterTest" finished-at="2022-02-21T19:06:48Z" duration-ms="0" status="PASS">
          <reporter-output>
          </reporter-output>
        </test-method> <!-- afterTest -->
      </class> <!-- NotePad2.NewTest -->
    </test> <!-- Default test -->
  </suite> <!-- Default suite -->
</testng-results>
